"bbbbb"
adfadf
"cccsaksf"
adfadf
"bbbbb"
chat: this is a chat 1
chat: this is a chat 2

fadfagageagew
chat: this is a chat 3
adfae;wfiwejfawefa;wef
aids;fjasdkf

chat: this is a chat 4
adfiaefasef
chat: this is a chat 5
[net.minecraft.server.dedicated.DedicatedServer/]: <adfa> dafa1
[net.minecraft.server.dedicated.DedicatedServer/]: <adfa> dafa22
[net.minecraft.server.dedicated.DedicatedServer/]: <adfa> dafa3
[net.minecraft.server.dedicated.DedicatedServer/]: <adfa> dafa54
[net.minecraft.server.dedicated.DedicatedServer/]: <adfa> dafa66
[10May2020 13:44:14.450] [Server thread/INFO] [net.minecraft.server.dedicated.DedicatedServer/]: jSORoROWy was slain by Zombie
"cccsaksf"
"aaaaa "
"aaaaa "
